{
  "Unit Tests": {
    "coverage": {
      "/home/ubuntu/workspace/dexterity.io/app/jobs/application_job.rb": [
        0,
        0
      ],
      "/home/ubuntu/workspace/dexterity.io/app/mailers/application_mailer.rb": [
        0,
        0,
        0,
        0
      ],
      "/home/ubuntu/workspace/dexterity.io/app/controllers/application_controller.rb": [
        0,
        0,
        0
      ],
      "/home/ubuntu/workspace/dexterity.io/app/channels/application_cable/connection.rb": [
        0,
        0,
        0,
        0
      ],
      "/home/ubuntu/workspace/dexterity.io/app/channels/application_cable/channel.rb": [
        0,
        0,
        0,
        0
      ],
      "/home/ubuntu/workspace/dexterity.io/app/models/application_record.rb": [
        0,
        0,
        0
      ],
      "/home/ubuntu/workspace/dexterity.io/app/helpers/application_helper.rb": [
        0,
        0
      ]
    },
    "timestamp": 1508302784
  },
  "RSpec": {
    "coverage": {
      "/home/ubuntu/workspace/dexterity.io/app/helpers/application_helper.rb": [
        1,
        null
      ],
      "/home/ubuntu/workspace/dexterity.io/app/helpers/welcome_helper.rb": [
        1,
        null
      ],
      "/home/ubuntu/workspace/dexterity.io/app/controllers/welcome_controller.rb": [
        1,
        1,
        null,
        null
      ],
      "/home/ubuntu/workspace/dexterity.io/app/controllers/application_controller.rb": [
        1,
        1,
        null
      ],
      "/home/ubuntu/workspace/dexterity.io/app/jobs/application_job.rb": [
        0,
        0
      ],
      "/home/ubuntu/workspace/dexterity.io/app/mailers/application_mailer.rb": [
        0,
        0,
        0,
        0
      ],
      "/home/ubuntu/workspace/dexterity.io/app/channels/application_cable/connection.rb": [
        0,
        0,
        0,
        0
      ],
      "/home/ubuntu/workspace/dexterity.io/app/channels/application_cable/channel.rb": [
        0,
        0,
        0,
        0
      ],
      "/home/ubuntu/workspace/dexterity.io/app/models/application_record.rb": [
        0,
        0,
        0
      ]
    },
    "timestamp": 1508308377
  },
  "Cucumber Features": {
    "coverage": {
      "/home/ubuntu/workspace/dexterity.io/app/jobs/application_job.rb": [
        0,
        0
      ],
      "/home/ubuntu/workspace/dexterity.io/app/mailers/application_mailer.rb": [
        0,
        0,
        0,
        0
      ],
      "/home/ubuntu/workspace/dexterity.io/app/controllers/welcome_controller.rb": [
        0,
        0,
        0,
        0
      ],
      "/home/ubuntu/workspace/dexterity.io/app/controllers/application_controller.rb": [
        0,
        0,
        0
      ],
      "/home/ubuntu/workspace/dexterity.io/app/channels/application_cable/connection.rb": [
        0,
        0,
        0,
        0
      ],
      "/home/ubuntu/workspace/dexterity.io/app/channels/application_cable/channel.rb": [
        0,
        0,
        0,
        0
      ],
      "/home/ubuntu/workspace/dexterity.io/app/models/application_record.rb": [
        0,
        0,
        0
      ],
      "/home/ubuntu/workspace/dexterity.io/app/helpers/welcome_helper.rb": [
        0,
        0
      ],
      "/home/ubuntu/workspace/dexterity.io/app/helpers/application_helper.rb": [
        0,
        0
      ]
    },
    "timestamp": 1508308378
  }
}
